{
  "stats": {
    "suites": 5,
    "tests": 12,
    "passes": 12,
    "pending": 0,
    "failures": 0,
    "start": "2022-05-29T18:25:20.009Z",
    "end": "2022-05-29T18:25:20.033Z",
    "duration": 24,
    "testsRegistered": 12,
    "passPercent": 100,
    "pendingPercent": 0,
    "other": 0,
    "hasOther": false,
    "skipped": 0,
    "hasSkipped": false
  },
  "results": [
    {
      "uuid": "2bec6b0c-2915-49f6-a363-411a28f15dfc",
      "title": "",
      "fullFile": "",
      "file": "",
      "beforeHooks": [],
      "afterHooks": [],
      "tests": [],
      "suites": [
        {
          "uuid": "6176e96b-dee9-40d9-b970-e90b4d9ba913",
          "title": "User input format check",
          "fullFile": "/Users/brunoh/assignment/typescript_source/test.spec.ts",
          "file": "/typescript_source/test.spec.ts",
          "beforeHooks": [],
          "afterHooks": [],
          "tests": [
            {
              "title": "should accept empty string",
              "fullTitle": "User input format check should accept empty string",
              "timedOut": false,
              "duration": 1,
              "state": "passed",
              "speed": "fast",
              "pass": true,
              "fail": false,
              "pending": false,
              "context": null,
              "code": "assert.equal(convertor.hasCorrectFormat(\"\"), true, 'empty string');",
              "err": {},
              "uuid": "742f232e-8447-4aa3-ba91-a84055167bb9",
              "parentUUID": "6176e96b-dee9-40d9-b970-e90b4d9ba913",
              "isHook": false,
              "skipped": false
            },
            {
              "title": "should accept alphanumeric strings",
              "fullTitle": "User input format check should accept alphanumeric strings",
              "timedOut": false,
              "duration": 1,
              "state": "passed",
              "speed": "fast",
              "pass": true,
              "fail": false,
              "pending": false,
              "context": null,
              "code": "assert.equal(convertor.hasCorrectFormat(\"a\"), true, '\\\"a\\\"');\nassert.equal(convertor.hasCorrectFormat(\"B\"), true, '\\\"B\\\"');\nassert.equal(convertor.hasCorrectFormat(\"4\"), true, '\\\"4\\\"');\nassert.equal(convertor.hasCorrectFormat(\"adacta\"), true, '\\\"adacta\\\"');\nassert.equal(convertor.hasCorrectFormat(\"ADACTA\"), true, '\\\"ADACTA\\\"');\nassert.equal(convertor.hasCorrectFormat(\"AdAcTa\"), true, '\\\"AdAcTa\\\"');\nassert.equal(convertor.hasCorrectFormat(\"A2d0a2C2Ta\"), true, '\\\"A2d0a2C2Ta\\\"');",
              "err": {},
              "uuid": "35d2d718-42a1-4234-8df9-015a56615518",
              "parentUUID": "6176e96b-dee9-40d9-b970-e90b4d9ba913",
              "isHook": false,
              "skipped": false
            },
            {
              "title": "should reject non-alphanumeric strings",
              "fullTitle": "User input format check should reject non-alphanumeric strings",
              "timedOut": false,
              "duration": 1,
              "state": "passed",
              "speed": "fast",
              "pass": true,
              "fail": false,
              "pending": false,
              "context": null,
              "code": "assert.equal(convertor.hasCorrectFormat(\"?\"), false, '\\\"?\\\"');\nassert.equal(convertor.hasCorrectFormat(\"?!:\"), false, '\\\"?!:\\\"');\nassert.equal(convertor.hasCorrectFormat(\"B.\"), false, '\\\"B.\\\"');\nassert.equal(convertor.hasCorrectFormat(\",4\"), false, '\\\",4\\\"');\nassert.equal(convertor.hasCorrectFormat(\"a/dacta\"), false, '\\\"a/dacta\\\"');\nassert.equal(convertor.hasCorrectFormat(\"ADACT|A\"), false, '\\\"ADACT|A\\\"');\nassert.equal(convertor.hasCorrectFormat(\">AdAcTa\"), false, '\\\">AdAcTa\\\"');\nassert.equal(convertor.hasCorrectFormat(\"A2d0a2C2Ta<\"), false, '\\\"A2d0a2C2Ta<\\\"');\nassert.equal(convertor.hasCorrectFormat(\"A2d|}0{a(2C2Ta\"), false, '\\\"A2d|}0{a(2C2Ta\\\"');",
              "err": {},
              "uuid": "89a62e40-ec1d-4e72-b42c-d05244af3de6",
              "parentUUID": "6176e96b-dee9-40d9-b970-e90b4d9ba913",
              "isHook": false,
              "skipped": false
            }
          ],
          "suites": [],
          "passes": [
            "742f232e-8447-4aa3-ba91-a84055167bb9",
            "35d2d718-42a1-4234-8df9-015a56615518",
            "89a62e40-ec1d-4e72-b42c-d05244af3de6"
          ],
          "failures": [],
          "pending": [],
          "skipped": [],
          "duration": 3,
          "root": false,
          "rootEmpty": false,
          "_timeout": 2000
        },
        {
          "uuid": "e612e5d6-9622-4173-9517-10437a6ef000",
          "title": "Letters transform check: lowercase to uppercase, uppercase to lowercase",
          "fullFile": "/Users/brunoh/assignment/typescript_source/test.spec.ts",
          "file": "/typescript_source/test.spec.ts",
          "beforeHooks": [],
          "afterHooks": [],
          "tests": [
            {
              "title": "random letters",
              "fullTitle": "Letters transform check: lowercase to uppercase, uppercase to lowercase random letters",
              "timedOut": false,
              "duration": 0,
              "state": "passed",
              "speed": "fast",
              "pass": true,
              "fail": false,
              "pending": false,
              "context": null,
              "code": "assert.equal(convertor.transformString(\"a\"), \"A\", '\"a\" => \"A\"');\nassert.equal(convertor.transformString(\"H\"), \"h\", '\"H\" => \"h\"');\nassert.equal(convertor.transformString(\"m\"), \"M\", '\"m\" => \"M\"');\nassert.equal(convertor.transformString(\"X\"), \"x\", '\"X\" => \"x\"');",
              "err": {},
              "uuid": "dc692f78-f520-45d1-96af-f4b104546eb2",
              "parentUUID": "e612e5d6-9622-4173-9517-10437a6ef000",
              "isHook": false,
              "skipped": false
            }
          ],
          "suites": [],
          "passes": [
            "dc692f78-f520-45d1-96af-f4b104546eb2"
          ],
          "failures": [],
          "pending": [],
          "skipped": [],
          "duration": 0,
          "root": false,
          "rootEmpty": false,
          "_timeout": 2000
        },
        {
          "uuid": "d5b3cf57-a0d3-4533-8275-fe0adeeb9b3f",
          "title": "String transform check: reverse string, lowercase to uppercase, uppercase to lowercase, numbers not changed",
          "fullFile": "/Users/brunoh/assignment/typescript_source/test.spec.ts",
          "file": "/typescript_source/test.spec.ts",
          "beforeHooks": [],
          "afterHooks": [],
          "tests": [
            {
              "title": "empty string",
              "fullTitle": "String transform check: reverse string, lowercase to uppercase, uppercase to lowercase, numbers not changed empty string",
              "timedOut": false,
              "duration": 0,
              "state": "passed",
              "speed": "fast",
              "pass": true,
              "fail": false,
              "pending": false,
              "context": null,
              "code": "assert.equal(convertor.transformString(\"\"), \"\", '\"\" => \"\"');",
              "err": {},
              "uuid": "f6e44a95-ebd0-435b-b314-d25eea28c41c",
              "parentUUID": "d5b3cf57-a0d3-4533-8275-fe0adeeb9b3f",
              "isHook": false,
              "skipped": false
            },
            {
              "title": "all numbers",
              "fullTitle": "String transform check: reverse string, lowercase to uppercase, uppercase to lowercase, numbers not changed all numbers",
              "timedOut": false,
              "duration": 0,
              "state": "passed",
              "speed": "fast",
              "pass": true,
              "fail": false,
              "pending": false,
              "context": null,
              "code": "assert.equal(convertor.transformString(\"5\"), \"5\", '\"5\" => \"5\"');\nassert.equal(convertor.transformString(\"53327\"), \"72335\", '\"53327\" => \"72335\"');\nassert.equal(convertor.transformString(\"8752927635\"), \"5367292578\", '\"8752927635\" => \"5367292578\"');",
              "err": {},
              "uuid": "56972d51-882b-4fbf-8ac5-061cb9e5e73b",
              "parentUUID": "d5b3cf57-a0d3-4533-8275-fe0adeeb9b3f",
              "isHook": false,
              "skipped": false
            },
            {
              "title": "all lowercase",
              "fullTitle": "String transform check: reverse string, lowercase to uppercase, uppercase to lowercase, numbers not changed all lowercase",
              "timedOut": false,
              "duration": 0,
              "state": "passed",
              "speed": "fast",
              "pass": true,
              "fail": false,
              "pending": false,
              "context": null,
              "code": "assert.equal(convertor.transformString(\"g\"), \"G\", '\"g\" => \"G\"');\nassert.equal(convertor.transformString(\"qwertyu\"), \"UYTREWQ\", '\"qwertyu\" => \"UYTREWQ\"');\nassert.equal(convertor.transformString(\"asdfghjklzxcv\"), \"VCXZLKJHGFDSA\", '\"asdfghjklzxcv\" => \"VCXZLKJHGFDSA\"');",
              "err": {},
              "uuid": "a00b13cc-1035-4cbc-984d-b5fc7ce11854",
              "parentUUID": "d5b3cf57-a0d3-4533-8275-fe0adeeb9b3f",
              "isHook": false,
              "skipped": false
            },
            {
              "title": "all uppercase",
              "fullTitle": "String transform check: reverse string, lowercase to uppercase, uppercase to lowercase, numbers not changed all uppercase",
              "timedOut": false,
              "duration": 0,
              "state": "passed",
              "speed": "fast",
              "pass": true,
              "fail": false,
              "pending": false,
              "context": null,
              "code": "assert.equal(convertor.transformString(\"H\"), \"h\", '\"H\" => \"h\"');\nassert.equal(convertor.transformString(\"ZXCVBNM\"), \"mnbvcxz\", '\"ZXCVBNM\" => \"mnbvcxz\"');\nassert.equal(convertor.transformString(\"ASDFGHJKLZXCV\"), \"vcxzlkjhgfdsa\", '\"ASDFGHJKLZXCV\" => \"vcxzlkjhgfdsa\"');",
              "err": {},
              "uuid": "a9880615-8faa-473b-94f7-2a5fc3fec25f",
              "parentUUID": "d5b3cf57-a0d3-4533-8275-fe0adeeb9b3f",
              "isHook": false,
              "skipped": false
            },
            {
              "title": "mixed uppercase and lowercase",
              "fullTitle": "String transform check: reverse string, lowercase to uppercase, uppercase to lowercase, numbers not changed mixed uppercase and lowercase",
              "timedOut": false,
              "duration": 0,
              "state": "passed",
              "speed": "fast",
              "pass": true,
              "fail": false,
              "pending": false,
              "context": null,
              "code": "assert.equal(convertor.transformString(\"aDffAkOO\"), \"ooKaFFdA\", '\"aDffAkOO\" => \"ooKaFFdA\"');\nassert.equal(convertor.transformString(\"ljGNbVfdREuimjHSy\"), \"YshJMIUerDFvBngJL\", '\"ljGNbVfdREuimjHSy\" => \"YshJMIUerDFvBngJL\"');",
              "err": {},
              "uuid": "43c8b2ab-8d08-49f5-9809-e9274edcb2a5",
              "parentUUID": "d5b3cf57-a0d3-4533-8275-fe0adeeb9b3f",
              "isHook": false,
              "skipped": false
            },
            {
              "title": "mixed uppercase, lowercase, and numbers",
              "fullTitle": "String transform check: reverse string, lowercase to uppercase, uppercase to lowercase, numbers not changed mixed uppercase, lowercase, and numbers",
              "timedOut": false,
              "duration": 0,
              "state": "passed",
              "speed": "fast",
              "pass": true,
              "fail": false,
              "pending": false,
              "context": null,
              "code": "assert.equal(convertor.transformString(\"aDf3fAkO2O0\"), \"0o2oKaF3FdA\", '\"aDf3fAkO2O0\" => \"0o2oKaF3FdA\"');\nassert.equal(convertor.transformString(\"ljG443NbVfdRE65uimjH78Sy\"), \"Ys87hJMIU56erDFvBn344gJL\", '\"ljG443NbVfdRE65uimjH78Sy\" => \"Ys87hJMIU56erDFvBn344gJL\"');",
              "err": {},
              "uuid": "4efacf76-6e32-473d-8fe9-05f0dcdb3a61",
              "parentUUID": "d5b3cf57-a0d3-4533-8275-fe0adeeb9b3f",
              "isHook": false,
              "skipped": false
            }
          ],
          "suites": [],
          "passes": [
            "f6e44a95-ebd0-435b-b314-d25eea28c41c",
            "56972d51-882b-4fbf-8ac5-061cb9e5e73b",
            "a00b13cc-1035-4cbc-984d-b5fc7ce11854",
            "a9880615-8faa-473b-94f7-2a5fc3fec25f",
            "43c8b2ab-8d08-49f5-9809-e9274edcb2a5",
            "4efacf76-6e32-473d-8fe9-05f0dcdb3a61"
          ],
          "failures": [],
          "pending": [],
          "skipped": [],
          "duration": 0,
          "root": false,
          "rootEmpty": false,
          "_timeout": 2000
        },
        {
          "uuid": "babe1bc1-8de3-4150-9a17-62780ca63779",
          "title": "Check appended data in the json output file",
          "fullFile": "/Users/brunoh/assignment/typescript_source/test.spec.ts",
          "file": "/typescript_source/test.spec.ts",
          "beforeHooks": [],
          "afterHooks": [],
          "tests": [
            {
              "title": "multiple appends",
              "fullTitle": "Check appended data in the json output file multiple appends",
              "timedOut": false,
              "duration": 6,
              "state": "passed",
              "speed": "fast",
              "pass": true,
              "fail": false,
              "pending": false,
              "context": null,
              "code": "let convertorTestBlock2 = new CLIConverter_1.CLIConvertor(\"./tests/testoutput.json\");\nconvertorTestBlock2.clearOutputFile();\nconvertorTestBlock2.appendToJson({ \"input\": \"Bruno1999\", \"output\": \"9991ONURb\", \"duration\": 10 });\nconvertorTestBlock2.appendToJson({ \"input\": \"1999\", \"output\": \"9991\", \"duration\": 1 });\nlet jsonOutput = fs.readFileSync(convertorTestBlock2.targetJsonPath, \"utf8\");\nlet jsonParsed = JSON.parse(jsonOutput);\nassert.equal(jsonParsed.length, 2);\nassert.equal(Object.keys(jsonParsed[0]).length, 3, \"not 3 keys in json\");\nassert.equal(jsonParsed[0].input, \"Bruno1999\", \"incorrect input key value\");\nassert.equal(jsonParsed[0].output, \"9991ONURb\", \"incorrect output key value\");\nassert.equal(jsonParsed[0].duration, 10, \"duration not inside json\");\nassert.equal(Object.keys(jsonParsed[1]).length, 3, \"not 3 keys in json\");\nassert.equal(jsonParsed[1].input, \"1999\", \"incorrect input key value\");\nassert.equal(jsonParsed[1].output, \"9991\", \"incorrect output key value\");\nassert.equal(jsonParsed[1].duration, 1, \"duration not inside json\");",
              "err": {},
              "uuid": "5575a235-41c6-439f-a475-0c2ac645eb68",
              "parentUUID": "babe1bc1-8de3-4150-9a17-62780ca63779",
              "isHook": false,
              "skipped": false
            }
          ],
          "suites": [],
          "passes": [
            "5575a235-41c6-439f-a475-0c2ac645eb68"
          ],
          "failures": [],
          "pending": [],
          "skipped": [],
          "duration": 6,
          "root": false,
          "rootEmpty": false,
          "_timeout": 2000
        },
        {
          "uuid": "512eac9f-b42c-44f6-bd12-16bdf5324161",
          "title": "Application 3 iteration",
          "fullFile": "/Users/brunoh/assignment/typescript_source/test.spec.ts",
          "file": "/typescript_source/test.spec.ts",
          "beforeHooks": [],
          "afterHooks": [],
          "tests": [
            {
              "title": "check output file (ommiting duration)",
              "fullTitle": "Application 3 iteration check output file (ommiting duration)",
              "timedOut": false,
              "duration": 1,
              "state": "passed",
              "speed": "fast",
              "pass": true,
              "fail": false,
              "pending": false,
              "context": null,
              "code": "let jsonOutput = fs.readFileSync(convertorTestBlock3.targetJsonPath, \"utf8\");\nlet jsonParsed = JSON.parse(jsonOutput);\nassert.equal(jsonParsed.length, 3);\nassert.equal(Object.keys(jsonParsed[0]).length, 3, \"not 3 keys in json\");\nassert.equal(jsonParsed[0].input, \"Bruno1999\", \"incorrect input key value\");\nassert.equal(jsonParsed[0].output, \"9991ONURb\", \"incorrect output key value\");\nassert.equal(\"duration\" in jsonParsed[0], true, \"duration not inside json\");\nassert.equal(Object.keys(jsonParsed[1]).length, 3, \"not 3 keys in json\");\nassert.equal(jsonParsed[1].input, \"1999\", \"incorrect input key value\");\nassert.equal(jsonParsed[1].output, \"9991\", \"incorrect output key value\");\nassert.equal(\"duration\" in jsonParsed[1], true, \"duration not inside json\");\nassert.equal(Object.keys(jsonParsed[2]).length, 3, \"not 3 keys in json\");\nassert.equal(jsonParsed[2].input, \"Bruno\", \"incorrect input key value\");\nassert.equal(jsonParsed[2].output, \"ONURb\", \"incorrect output key value\");\nassert.equal(\"duration\" in jsonParsed[2], true, \"duration not inside json\");",
              "err": {},
              "uuid": "dad13bc9-851b-4e1e-82f2-39b186499b64",
              "parentUUID": "512eac9f-b42c-44f6-bd12-16bdf5324161",
              "isHook": false,
              "skipped": false
            }
          ],
          "suites": [],
          "passes": [
            "dad13bc9-851b-4e1e-82f2-39b186499b64"
          ],
          "failures": [],
          "pending": [],
          "skipped": [],
          "duration": 1,
          "root": false,
          "rootEmpty": false,
          "_timeout": 2000
        }
      ],
      "passes": [],
      "failures": [],
      "pending": [],
      "skipped": [],
      "duration": 0,
      "root": true,
      "rootEmpty": true,
      "_timeout": 2000
    }
  ],
  "meta": {
    "mocha": {
      "version": "10.0.0"
    },
    "mochawesome": {
      "options": {
        "quiet": false,
        "reportFilename": "mochawesome",
        "saveHtml": true,
        "saveJson": true,
        "consoleReporter": "spec",
        "useInlineDiffs": false,
        "code": true
      },
      "version": "7.1.3"
    },
    "marge": {
      "options": null,
      "version": "6.2.0"
    }
  }
}